TN:
SF:packages\index.js
FN:7,(anonymous_0)
FN:9,(anonymous_1)
FNF:2
FNH:0
FNDA:0,(anonymous_0)
FNDA:0,(anonymous_1)
DA:3,0
DA:7,0
DA:8,0
DA:9,0
DA:10,0
DA:14,0
DA:15,0
LF:7
LH:0
BRDA:8,0,0,0
BRDA:8,0,1,0
BRDA:14,1,0,0
BRDA:14,1,1,0
BRDA:14,2,0,0
BRDA:14,2,1,0
BRF:6
BRH:0
end_of_record
TN:
SF:packages\pie-svg\PieSvg.vue
FN:87,(anonymous_0)
FN:97,(anonymous_1)
FN:107,(anonymous_2)
FN:136,(anonymous_3)
FN:158,(anonymous_4)
FN:182,(anonymous_5)
FN:184,(anonymous_6)
FN:186,(anonymous_7)
FN:189,(anonymous_8)
FNF:9
FNH:9
FNDA:1,(anonymous_0)
FNDA:1,(anonymous_1)
FNDA:1,(anonymous_2)
FNDA:1,(anonymous_3)
FNDA:1,(anonymous_4)
FNDA:4,(anonymous_5)
FNDA:3,(anonymous_6)
FNDA:3,(anonymous_7)
FNDA:1,(anonymous_8)
DA:88,1
DA:98,1
DA:99,1
DA:100,0
DA:102,1
DA:103,0
DA:105,1
DA:108,1
DA:109,1
DA:110,0
DA:116,1
DA:117,1
DA:123,0
DA:124,0
DA:130,0
DA:137,1
DA:138,1
DA:140,1
DA:151,1
DA:152,1
DA:153,1
DA:154,1
DA:155,1
DA:156,1
DA:159,1
DA:160,1
DA:167,1
DA:171,1
DA:172,1
DA:173,1
DA:175,0
DA:176,0
DA:177,0
DA:178,0
DA:179,0
DA:180,0
DA:182,4
DA:183,1
DA:184,3
DA:185,1
DA:186,3
DA:187,1
DA:190,1
LF:43
LH:31
BRDA:98,0,0,1
BRDA:98,0,1,0
BRDA:99,1,0,0
BRDA:99,1,1,1
BRDA:99,2,0,1
BRDA:99,2,1,1
BRDA:102,3,0,0
BRDA:102,3,1,1
BRDA:102,4,0,1
BRDA:102,4,1,0
BRDA:109,5,0,0
BRDA:109,5,1,1
BRDA:116,6,0,1
BRDA:116,6,1,0
BRDA:123,7,0,0
BRDA:123,7,1,0
BRDA:171,8,0,1
BRDA:171,8,1,0
BRF:18
BRH:9
end_of_record
TN:
SF:packages\pie-svg\index.js
FN:3,(anonymous_0)
FNF:1
FNH:0
FNDA:0,(anonymous_0)
DA:3,0
LF:1
LH:0
BRF:0
BRH:0
end_of_record
